

Started GET "/hello.html" for 127.0.0.1 at 2011-05-30 23:57:36 -0700

ActionController::RoutingError (No route matches "/hello.html"):
  

Rendered /Users/Jordan/.rvm/gems/ruby-1.9.2-p180@rails3tutorial/gems/actionpack-3.0.1/lib/action_dispatch/middleware/templates/rescues/routing_error.erb within rescues/layout (1.4ms)


Started GET "/pages/home" for 127.0.0.1 at 2011-05-30 23:59:18 -0700
  Processing by PagesController#home as HTML
Rendered pages/home.html.erb within layouts/application (2.1ms)
Completed 200 OK in 8ms (Views: 7.8ms | ActiveRecord: 0.0ms)


Started GET "/pages/about" for 127.0.0.1 at 2011-05-31 12:22:03 -0700
  Processing by PagesController#about as HTML
Rendered pages/about.html.erb within layouts/application (2.1ms)
Completed 200 OK in 7ms (Views: 6.7ms | ActiveRecord: 0.0ms)


Started GET "/pages/about" for 127.0.0.1 at 2011-05-31 12:36:56 -0700
  Processing by PagesController#about as HTML
Rendered pages/about.html.erb within layouts/application (2.0ms)
Completed 200 OK in 9ms (Views: 6.9ms | ActiveRecord: 0.0ms)


Started GET "/pages/about" for 127.0.0.1 at 2011-05-31 12:39:24 -0700
  Processing by PagesController#about as HTML
Rendered pages/about.html.erb (0.4ms)
Completed 200 OK in 5ms (Views: 4.9ms | ActiveRecord: 0.0ms)


Started GET "/pages/about" for 127.0.0.1 at 2011-05-31 12:39:26 -0700
  Processing by PagesController#about as HTML
Rendered pages/about.html.erb (0.4ms)
Completed 200 OK in 5ms (Views: 4.9ms | ActiveRecord: 0.0ms)


Started GET "/pages/about" for 127.0.0.1 at 2011-05-31 12:40:07 -0700
  Processing by PagesController#about as HTML
Rendered pages/about.html.erb (0.4ms)
Completed 200 OK in 5ms (Views: 4.6ms | ActiveRecord: 0.0ms)


Started GET "/pages/about" for 127.0.0.1 at 2011-05-31 12:40:10 -0700
  Processing by PagesController#about as HTML
Rendered pages/about.html.erb (0.4ms)
Completed 200 OK in 5ms (Views: 4.8ms | ActiveRecord: 0.0ms)


Started GET "/pages/about" for 127.0.0.1 at 2011-05-31 12:40:11 -0700
  Processing by PagesController#about as HTML
Rendered pages/about.html.erb (0.4ms)
Completed 200 OK in 5ms (Views: 4.6ms | ActiveRecord: 0.0ms)


Started GET "/pages/contact" for 127.0.0.1 at 2011-05-31 12:40:27 -0700
  Processing by PagesController#contact as HTML
Rendered pages/contact.html.erb (0.4ms)
Completed 200 OK in 6ms (Views: 5.3ms | ActiveRecord: 0.0ms)


Started GET "/pages/home" for 127.0.0.1 at 2011-05-31 12:54:10 -0700
  Processing by PagesController#home as HTML
Rendered pages/home.html.erb (0.4ms)
Completed 200 OK in 5ms (Views: 4.7ms | ActiveRecord: 0.0ms)


Started GET "/pages/home" for 127.0.0.1 at 2011-05-31 13:02:21 -0700
  Processing by PagesController#home as HTML
Rendered pages/home.html.erb within layouts/application (0.8ms)
Completed 200 OK in 8ms (Views: 7.4ms | ActiveRecord: 0.0ms)


Started GET "/pages/home" for 127.0.0.1 at 2011-05-31 13:09:11 -0700
  Processing by PagesController#home as HTML
Rendered pages/home.html.erb within layouts/application (0.8ms)
Completed 200 OK in 6ms (Views: 5.6ms | ActiveRecord: 0.0ms)


Started GET "/pages/contact" for 127.0.0.1 at 2011-05-31 13:09:17 -0700
  Processing by PagesController#contact as HTML
Rendered pages/contact.html.erb within layouts/application (0.8ms)
Completed 200 OK in 6ms (Views: 5.4ms | ActiveRecord: 0.0ms)


Started GET "/pages/contact" for 127.0.0.1 at 2011-05-31 14:16:20 -0700

SyntaxError (/Users/Jordan/rails_projects/sample_app/app/helpers/application_helper.rb:11: syntax error, unexpected $end, expecting keyword_end):
  app/controllers/application_controller.rb:1:in `<top (required)>'
  app/controllers/pages_controller.rb:1:in `<top (required)>'

Rendered /Users/Jordan/.rvm/gems/ruby-1.9.2-p180@rails3tutorial/gems/actionpack-3.0.1/lib/action_dispatch/middleware/templates/rescues/_trace.erb (1.5ms)
Rendered /Users/Jordan/.rvm/gems/ruby-1.9.2-p180@rails3tutorial/gems/actionpack-3.0.1/lib/action_dispatch/middleware/templates/rescues/_request_and_response.erb (8.4ms)
Rendered /Users/Jordan/.rvm/gems/ruby-1.9.2-p180@rails3tutorial/gems/actionpack-3.0.1/lib/action_dispatch/middleware/templates/rescues/diagnostics.erb within rescues/layout (16.2ms)


Started GET "/pages/home" for 127.0.0.1 at 2011-05-31 14:16:30 -0700

SyntaxError (/Users/Jordan/rails_projects/sample_app/app/helpers/application_helper.rb:11: syntax error, unexpected $end, expecting keyword_end):
  app/controllers/application_controller.rb:1:in `<top (required)>'
  app/controllers/pages_controller.rb:1:in `<top (required)>'

Rendered /Users/Jordan/.rvm/gems/ruby-1.9.2-p180@rails3tutorial/gems/actionpack-3.0.1/lib/action_dispatch/middleware/templates/rescues/_trace.erb (1.5ms)
Rendered /Users/Jordan/.rvm/gems/ruby-1.9.2-p180@rails3tutorial/gems/actionpack-3.0.1/lib/action_dispatch/middleware/templates/rescues/_request_and_response.erb (1.6ms)
Rendered /Users/Jordan/.rvm/gems/ruby-1.9.2-p180@rails3tutorial/gems/actionpack-3.0.1/lib/action_dispatch/middleware/templates/rescues/diagnostics.erb within rescues/layout (7.4ms)


Started GET "/pages/home" for 127.0.0.1 at 2011-05-31 14:19:31 -0700

SyntaxError (/Users/Jordan/rails_projects/sample_app/app/helpers/application_helper.rb:11: syntax error, unexpected $end, expecting keyword_end):
  app/controllers/application_controller.rb:1:in `<top (required)>'
  app/controllers/pages_controller.rb:1:in `<top (required)>'

Rendered /Users/Jordan/.rvm/gems/ruby-1.9.2-p180@rails3tutorial/gems/actionpack-3.0.1/lib/action_dispatch/middleware/templates/rescues/_trace.erb (1.5ms)
Rendered /Users/Jordan/.rvm/gems/ruby-1.9.2-p180@rails3tutorial/gems/actionpack-3.0.1/lib/action_dispatch/middleware/templates/rescues/_request_and_response.erb (7.9ms)
Rendered /Users/Jordan/.rvm/gems/ruby-1.9.2-p180@rails3tutorial/gems/actionpack-3.0.1/lib/action_dispatch/middleware/templates/rescues/diagnostics.erb within rescues/layout (14.5ms)


Started GET "/pages/home" for 127.0.0.1 at 2011-05-31 14:20:35 -0700
  Processing by PagesController#home as HTML
Rendered pages/home.html.erb within layouts/application (1.0ms)
Completed 200 OK in 7ms (Views: 7.0ms | ActiveRecord: 0.0ms)


Started GET "/pages/home" for 127.0.0.1 at 2011-05-31 15:05:34 -0700
  Processing by PagesController#home as HTML
Rendered pages/home.html.erb within layouts/application (8.1ms)
Completed 200 OK in 22ms (Views: 20.8ms | ActiveRecord: 0.0ms)


Started GET "/pages/home" for 127.0.0.1 at 2011-05-31 16:31:14 -0700
  Processing by PagesController#home as HTML
Rendered pages/home.html.erb within layouts/application (2.2ms)
Completed 200 OK in 66ms (Views: 65.1ms | ActiveRecord: 0.0ms)


Started GET "/pages/home" for 127.0.0.1 at 2011-05-31 17:18:15 -0700
  Processing by PagesController#home as HTML
Rendered pages/home.html.erb within layouts/application (13.7ms)
Completed 200 OK in 34ms (Views: 33.2ms | ActiveRecord: 0.0ms)


Started GET "/pages/home" for 127.0.0.1 at 2011-05-31 17:25:17 -0700
  Processing by PagesController#home as HTML
Rendered pages/home.html.erb within layouts/application (4.1ms)
Completed 200 OK in 14ms (Views: 13.3ms | ActiveRecord: 0.0ms)


Started GET "/images/logo.png" for 127.0.0.1 at 2011-05-31 17:25:18 -0700

ActionController::RoutingError (No route matches "/images/logo.png"):
  

Rendered /Users/Jordan/.rvm/gems/ruby-1.9.2-p180@rails3tutorial/gems/actionpack-3.0.1/lib/action_dispatch/middleware/templates/rescues/routing_error.erb within rescues/layout (72.8ms)


Started GET "/stylesheets/custom.css" for 127.0.0.1 at 2011-05-31 17:25:18 -0700

ActionController::RoutingError (No route matches "/stylesheets/custom.css"):
  

Rendered /Users/Jordan/.rvm/gems/ruby-1.9.2-p180@rails3tutorial/gems/actionpack-3.0.1/lib/action_dispatch/middleware/templates/rescues/routing_error.erb within rescues/layout (1.2ms)


Started GET "/pages/home" for 127.0.0.1 at 2011-05-31 17:27:09 -0700
  Processing by PagesController#home as HTML
Rendered pages/home.html.erb within layouts/application (2.2ms)
Completed 200 OK in 15ms (Views: 14.2ms | ActiveRecord: 0.0ms)


Started GET "/images/logo.png" for 127.0.0.1 at 2011-05-31 17:27:09 -0700

ActionController::RoutingError (No route matches "/images/logo.png"):
  

Rendered /Users/Jordan/.rvm/gems/ruby-1.9.2-p180@rails3tutorial/gems/actionpack-3.0.1/lib/action_dispatch/middleware/templates/rescues/routing_error.erb within rescues/layout (1.2ms)


Started GET "/stylesheets/custom.css" for 127.0.0.1 at 2011-05-31 17:27:09 -0700

ActionController::RoutingError (No route matches "/stylesheets/custom.css"):
  

Rendered /Users/Jordan/.rvm/gems/ruby-1.9.2-p180@rails3tutorial/gems/actionpack-3.0.1/lib/action_dispatch/middleware/templates/rescues/routing_error.erb within rescues/layout (1.1ms)


Started GET "/pages/home" for 127.0.0.1 at 2011-05-31 17:28:43 -0700
  Processing by PagesController#home as HTML
Rendered pages/home.html.erb within layouts/application (3.7ms)
Completed 200 OK in 21ms (Views: 20.7ms | ActiveRecord: 0.0ms)


Started GET "/stylesheets/custom.css" for 127.0.0.1 at 2011-05-31 17:28:43 -0700

ActionController::RoutingError (No route matches "/stylesheets/custom.css"):
  

Rendered /Users/Jordan/.rvm/gems/ruby-1.9.2-p180@rails3tutorial/gems/actionpack-3.0.1/lib/action_dispatch/middleware/templates/rescues/routing_error.erb within rescues/layout (1.8ms)


Started GET "/images/logo.png" for 127.0.0.1 at 2011-05-31 17:28:43 -0700

ActionController::RoutingError (No route matches "/images/logo.png"):
  

Rendered /Users/Jordan/.rvm/gems/ruby-1.9.2-p180@rails3tutorial/gems/actionpack-3.0.1/lib/action_dispatch/middleware/templates/rescues/routing_error.erb within rescues/layout (2.0ms)


Started GET "/pages/home" for 127.0.0.1 at 2011-05-31 17:29:00 -0700
  Processing by PagesController#home as HTML
Rendered pages/home.html.erb within layouts/application (4.5ms)
Completed 200 OK in 11ms (Views: 11.0ms | ActiveRecord: 0.0ms)


Started GET "/stylesheets/custom.css" for 127.0.0.1 at 2011-05-31 17:29:00 -0700

ActionController::RoutingError (No route matches "/stylesheets/custom.css"):
  

Rendered /Users/Jordan/.rvm/gems/ruby-1.9.2-p180@rails3tutorial/gems/actionpack-3.0.1/lib/action_dispatch/middleware/templates/rescues/routing_error.erb within rescues/layout (1.2ms)


Started GET "/images/logo.png" for 127.0.0.1 at 2011-05-31 17:29:00 -0700

ActionController::RoutingError (No route matches "/images/logo.png"):
  

Rendered /Users/Jordan/.rvm/gems/ruby-1.9.2-p180@rails3tutorial/gems/actionpack-3.0.1/lib/action_dispatch/middleware/templates/rescues/routing_error.erb within rescues/layout (1.2ms)


Started GET "/pages/home" for 127.0.0.1 at 2011-05-31 17:29:11 -0700
  Processing by PagesController#home as HTML
Rendered pages/home.html.erb within layouts/application (2.2ms)
Completed 200 OK in 40ms (Views: 40.0ms | ActiveRecord: 0.0ms)


Started GET "/stylesheets/custom.css" for 127.0.0.1 at 2011-05-31 17:29:12 -0700

ActionController::RoutingError (No route matches "/stylesheets/custom.css"):
  

Rendered /Users/Jordan/.rvm/gems/ruby-1.9.2-p180@rails3tutorial/gems/actionpack-3.0.1/lib/action_dispatch/middleware/templates/rescues/routing_error.erb within rescues/layout (1.2ms)


Started GET "/images/logo.png" for 127.0.0.1 at 2011-05-31 17:29:12 -0700

ActionController::RoutingError (No route matches "/images/logo.png"):
  

Rendered /Users/Jordan/.rvm/gems/ruby-1.9.2-p180@rails3tutorial/gems/actionpack-3.0.1/lib/action_dispatch/middleware/templates/rescues/routing_error.erb within rescues/layout (13.7ms)


Started GET "/pages/home" for 127.0.0.1 at 2011-05-31 17:33:16 -0700
  Processing by PagesController#home as HTML
Rendered pages/home.html.erb within layouts/application (27.6ms)
Completed 200 OK in 33ms (Views: 32.4ms | ActiveRecord: 0.0ms)


Started GET "/stylesheets/custom.css" for 127.0.0.1 at 2011-05-31 17:33:16 -0700

ActionController::RoutingError (No route matches "/stylesheets/custom.css"):
  

Rendered /Users/Jordan/.rvm/gems/ruby-1.9.2-p180@rails3tutorial/gems/actionpack-3.0.1/lib/action_dispatch/middleware/templates/rescues/routing_error.erb within rescues/layout (1.2ms)


Started GET "/images/logo.png" for 127.0.0.1 at 2011-05-31 17:33:16 -0700

ActionController::RoutingError (No route matches "/images/logo.png"):
  

Rendered /Users/Jordan/.rvm/gems/ruby-1.9.2-p180@rails3tutorial/gems/actionpack-3.0.1/lib/action_dispatch/middleware/templates/rescues/routing_error.erb within rescues/layout (1.1ms)


Started GET "/pages/home" for 127.0.0.1 at 2011-05-31 17:34:15 -0700
  Processing by PagesController#home as HTML
Rendered pages/home.html.erb within layouts/application (3.2ms)
Completed 200 OK in 8ms (Views: 7.8ms | ActiveRecord: 0.0ms)


Started GET "/images/logo.png" for 127.0.0.1 at 2011-05-31 17:34:15 -0700

ActionController::RoutingError (No route matches "/images/logo.png"):
  

Rendered /Users/Jordan/.rvm/gems/ruby-1.9.2-p180@rails3tutorial/gems/actionpack-3.0.1/lib/action_dispatch/middleware/templates/rescues/routing_error.erb within rescues/layout (1.2ms)


Started GET "/stylesheets/custom.css" for 127.0.0.1 at 2011-05-31 17:34:15 -0700

ActionController::RoutingError (No route matches "/stylesheets/custom.css"):
  

Rendered /Users/Jordan/.rvm/gems/ruby-1.9.2-p180@rails3tutorial/gems/actionpack-3.0.1/lib/action_dispatch/middleware/templates/rescues/routing_error.erb within rescues/layout (4.1ms)


Started GET "/pages/home" for 127.0.0.1 at 2011-05-31 17:34:21 -0700
  Processing by PagesController#home as HTML
Rendered pages/home.html.erb within layouts/application (3.7ms)
Completed 200 OK in 19ms (Views: 18.9ms | ActiveRecord: 0.0ms)


Started GET "/stylesheets/custom.css" for 127.0.0.1 at 2011-05-31 17:34:21 -0700

ActionController::RoutingError (No route matches "/stylesheets/custom.css"):
  

Rendered /Users/Jordan/.rvm/gems/ruby-1.9.2-p180@rails3tutorial/gems/actionpack-3.0.1/lib/action_dispatch/middleware/templates/rescues/routing_error.erb within rescues/layout (3.7ms)


Started GET "/images/logo.png" for 127.0.0.1 at 2011-05-31 17:34:21 -0700

ActionController::RoutingError (No route matches "/images/logo.png"):
  

Rendered /Users/Jordan/.rvm/gems/ruby-1.9.2-p180@rails3tutorial/gems/actionpack-3.0.1/lib/action_dispatch/middleware/templates/rescues/routing_error.erb within rescues/layout (17.4ms)


Started GET "/pages/home" for 127.0.0.1 at 2011-05-31 17:34:24 -0700
  Processing by PagesController#home as HTML
Rendered pages/home.html.erb within layouts/application (2.2ms)
Completed 200 OK in 17ms (Views: 16.8ms | ActiveRecord: 0.0ms)


Started GET "/stylesheets/custom.css" for 127.0.0.1 at 2011-05-31 17:34:24 -0700

ActionController::RoutingError (No route matches "/stylesheets/custom.css"):
  

Rendered /Users/Jordan/.rvm/gems/ruby-1.9.2-p180@rails3tutorial/gems/actionpack-3.0.1/lib/action_dispatch/middleware/templates/rescues/routing_error.erb within rescues/layout (9.9ms)


Started GET "/images/logo.png" for 127.0.0.1 at 2011-05-31 17:34:24 -0700

ActionController::RoutingError (No route matches "/images/logo.png"):
  

Rendered /Users/Jordan/.rvm/gems/ruby-1.9.2-p180@rails3tutorial/gems/actionpack-3.0.1/lib/action_dispatch/middleware/templates/rescues/routing_error.erb within rescues/layout (4.3ms)


Started GET "/pages/home" for 127.0.0.1 at 2011-05-31 17:34:51 -0700
  Processing by PagesController#home as HTML
Rendered pages/home.html.erb within layouts/application (13.2ms)
Completed 200 OK in 27ms (Views: 26.1ms | ActiveRecord: 0.0ms)


Started GET "/images/logo.png" for 127.0.0.1 at 2011-05-31 17:34:51 -0700

ActionController::RoutingError (No route matches "/images/logo.png"):
  

Rendered /Users/Jordan/.rvm/gems/ruby-1.9.2-p180@rails3tutorial/gems/actionpack-3.0.1/lib/action_dispatch/middleware/templates/rescues/routing_error.erb within rescues/layout (12.9ms)


Started GET "/stylesheets/custom.css" for 127.0.0.1 at 2011-05-31 17:34:51 -0700

ActionController::RoutingError (No route matches "/stylesheets/custom.css"):
  

Rendered /Users/Jordan/.rvm/gems/ruby-1.9.2-p180@rails3tutorial/gems/actionpack-3.0.1/lib/action_dispatch/middleware/templates/rescues/routing_error.erb within rescues/layout (1.1ms)


Started GET "/pages/home" for 127.0.0.1 at 2011-05-31 17:35:06 -0700
  Processing by PagesController#home as HTML
Rendered pages/home.html.erb within layouts/application (2.3ms)
Completed 200 OK in 7ms (Views: 6.9ms | ActiveRecord: 0.0ms)


Started GET "/stylesheets/custom.css" for 127.0.0.1 at 2011-05-31 17:35:06 -0700

ActionController::RoutingError (No route matches "/stylesheets/custom.css"):
  

Rendered /Users/Jordan/.rvm/gems/ruby-1.9.2-p180@rails3tutorial/gems/actionpack-3.0.1/lib/action_dispatch/middleware/templates/rescues/routing_error.erb within rescues/layout (1.1ms)


Started GET "/images/logo.png" for 127.0.0.1 at 2011-05-31 17:35:06 -0700

ActionController::RoutingError (No route matches "/images/logo.png"):
  

Rendered /Users/Jordan/.rvm/gems/ruby-1.9.2-p180@rails3tutorial/gems/actionpack-3.0.1/lib/action_dispatch/middleware/templates/rescues/routing_error.erb within rescues/layout (1.1ms)


Started GET "/pages/home" for 127.0.0.1 at 2011-05-31 17:35:16 -0700
  Processing by PagesController#home as HTML
Rendered pages/home.html.erb within layouts/application (6.2ms)
Completed 200 OK in 11ms (Views: 10.9ms | ActiveRecord: 0.0ms)


Started GET "/stylesheets/custom.css" for 127.0.0.1 at 2011-05-31 17:35:16 -0700

ActionController::RoutingError (No route matches "/stylesheets/custom.css"):
  

Rendered /Users/Jordan/.rvm/gems/ruby-1.9.2-p180@rails3tutorial/gems/actionpack-3.0.1/lib/action_dispatch/middleware/templates/rescues/routing_error.erb within rescues/layout (4.3ms)


Started GET "/images/logo.png" for 127.0.0.1 at 2011-05-31 17:35:16 -0700

ActionController::RoutingError (No route matches "/images/logo.png"):
  

Rendered /Users/Jordan/.rvm/gems/ruby-1.9.2-p180@rails3tutorial/gems/actionpack-3.0.1/lib/action_dispatch/middleware/templates/rescues/routing_error.erb within rescues/layout (1.7ms)


Started GET "/pages/home" for 127.0.0.1 at 2011-05-31 17:35:21 -0700
  Processing by PagesController#home as HTML
Rendered pages/home.html.erb within layouts/application (17.9ms)
Completed 200 OK in 23ms (Views: 22.8ms | ActiveRecord: 0.0ms)


Started GET "/images/logo.png" for 127.0.0.1 at 2011-05-31 17:35:21 -0700

ActionController::RoutingError (No route matches "/images/logo.png"):
  

Rendered /Users/Jordan/.rvm/gems/ruby-1.9.2-p180@rails3tutorial/gems/actionpack-3.0.1/lib/action_dispatch/middleware/templates/rescues/routing_error.erb within rescues/layout (1.2ms)


Started GET "/stylesheets/custom.css" for 127.0.0.1 at 2011-05-31 17:35:21 -0700

ActionController::RoutingError (No route matches "/stylesheets/custom.css"):
  

Rendered /Users/Jordan/.rvm/gems/ruby-1.9.2-p180@rails3tutorial/gems/actionpack-3.0.1/lib/action_dispatch/middleware/templates/rescues/routing_error.erb within rescues/layout (1.2ms)


Started GET "/pages/home" for 127.0.0.1 at 2011-05-31 17:36:14 -0700
  Processing by PagesController#home as HTML
Rendered pages/home.html.erb within layouts/application (2.2ms)
Completed 200 OK in 18ms (Views: 18.1ms | ActiveRecord: 0.0ms)


Started GET "/images/logo.png" for 127.0.0.1 at 2011-05-31 17:36:15 -0700

ActionController::RoutingError (No route matches "/images/logo.png"):
  

Rendered /Users/Jordan/.rvm/gems/ruby-1.9.2-p180@rails3tutorial/gems/actionpack-3.0.1/lib/action_dispatch/middleware/templates/rescues/routing_error.erb within rescues/layout (1.2ms)


Started GET "/stylesheets/custom.css" for 127.0.0.1 at 2011-05-31 17:36:15 -0700

ActionController::RoutingError (No route matches "/stylesheets/custom.css"):
  

Rendered /Users/Jordan/.rvm/gems/ruby-1.9.2-p180@rails3tutorial/gems/actionpack-3.0.1/lib/action_dispatch/middleware/templates/rescues/routing_error.erb within rescues/layout (1.1ms)


Started GET "/pages/home" for 127.0.0.1 at 2011-05-31 17:36:23 -0700
  Processing by PagesController#home as HTML
Rendered pages/home.html.erb within layouts/application (2.1ms)
Completed 200 OK in 7ms (Views: 6.8ms | ActiveRecord: 0.0ms)


Started GET "/stylesheets/custom.css" for 127.0.0.1 at 2011-05-31 17:36:23 -0700

ActionController::RoutingError (No route matches "/stylesheets/custom.css"):
  

Rendered /Users/Jordan/.rvm/gems/ruby-1.9.2-p180@rails3tutorial/gems/actionpack-3.0.1/lib/action_dispatch/middleware/templates/rescues/routing_error.erb within rescues/layout (11.2ms)


Started GET "/images/logo.png" for 127.0.0.1 at 2011-05-31 17:36:23 -0700

ActionController::RoutingError (No route matches "/images/logo.png"):
  

Rendered /Users/Jordan/.rvm/gems/ruby-1.9.2-p180@rails3tutorial/gems/actionpack-3.0.1/lib/action_dispatch/middleware/templates/rescues/routing_error.erb within rescues/layout (11.2ms)


Started GET "/pages/home" for 127.0.0.1 at 2011-05-31 17:38:39 -0700
  Processing by PagesController#home as HTML
Rendered pages/home.html.erb within layouts/application (2.2ms)
Completed 200 OK in 17ms (Views: 16.9ms | ActiveRecord: 0.0ms)


Started GET "/stylesheets/custom.css" for 127.0.0.1 at 2011-05-31 17:38:39 -0700

ActionController::RoutingError (No route matches "/stylesheets/custom.css"):
  

Rendered /Users/Jordan/.rvm/gems/ruby-1.9.2-p180@rails3tutorial/gems/actionpack-3.0.1/lib/action_dispatch/middleware/templates/rescues/routing_error.erb within rescues/layout (1.1ms)


Started GET "/pages/home" for 127.0.0.1 at 2011-05-31 17:40:58 -0700
  Processing by PagesController#home as HTML
Rendered pages/home.html.erb within layouts/application (19.1ms)
Completed 200 OK in 35ms (Views: 34.6ms | ActiveRecord: 0.0ms)


Started GET "/stylesheets/custom.css" for 127.0.0.1 at 2011-05-31 17:40:58 -0700

ActionController::RoutingError (No route matches "/stylesheets/custom.css"):
  

Rendered /Users/Jordan/.rvm/gems/ruby-1.9.2-p180@rails3tutorial/gems/actionpack-3.0.1/lib/action_dispatch/middleware/templates/rescues/routing_error.erb within rescues/layout (2.6ms)


Started GET "/pages/home" for 127.0.0.1 at 2011-05-31 17:41:02 -0700
  Processing by PagesController#home as HTML
Rendered pages/home.html.erb within layouts/application (2.2ms)
Completed 200 OK in 19ms (Views: 18.2ms | ActiveRecord: 0.0ms)


Started GET "/stylesheets/custom.css" for 127.0.0.1 at 2011-05-31 17:41:02 -0700

ActionController::RoutingError (No route matches "/stylesheets/custom.css"):
  

Rendered /Users/Jordan/.rvm/gems/ruby-1.9.2-p180@rails3tutorial/gems/actionpack-3.0.1/lib/action_dispatch/middleware/templates/rescues/routing_error.erb within rescues/layout (1.2ms)


Started GET "/pages/home" for 127.0.0.1 at 2011-05-31 17:50:57 -0700
  Processing by PagesController#home as HTML
Rendered pages/home.html.erb within layouts/application (2.4ms)
Completed 200 OK in 18ms (Views: 18.1ms | ActiveRecord: 0.0ms)


Started GET "/pages/home" for 127.0.0.1 at 2011-05-31 17:51:56 -0700
  Processing by PagesController#home as HTML
Rendered pages/home.html.erb within layouts/application (2.2ms)
Completed 200 OK in 17ms (Views: 17.1ms | ActiveRecord: 0.0ms)


Started GET "/pages/home" for 127.0.0.1 at 2011-05-31 17:52:26 -0700
  Processing by PagesController#home as HTML
Rendered pages/home.html.erb within layouts/application (3.2ms)
Completed 200 OK in 9ms (Views: 8.8ms | ActiveRecord: 0.0ms)


Started GET "/pages/home" for 127.0.0.1 at 2011-05-31 17:52:30 -0700
  Processing by PagesController#home as HTML
Rendered pages/home.html.erb within layouts/application (2.2ms)
Completed 200 OK in 18ms (Views: 17.4ms | ActiveRecord: 0.0ms)


Started GET "/pages/home" for 127.0.0.1 at 2011-05-31 17:52:39 -0700
  Processing by PagesController#home as HTML
Rendered pages/home.html.erb within layouts/application (2.2ms)
Completed 200 OK in 18ms (Views: 17.2ms | ActiveRecord: 0.0ms)


Started GET "/pages/home" for 127.0.0.1 at 2011-05-31 17:54:31 -0700
  Processing by PagesController#home as HTML
Rendered pages/home.html.erb within layouts/application (12.4ms)
Completed 200 OK in 18ms (Views: 18.0ms | ActiveRecord: 0.0ms)


Started GET "/pages/home" for 127.0.0.1 at 2011-05-31 17:56:35 -0700
  Processing by PagesController#home as HTML
Rendered pages/home.html.erb within layouts/application (2.9ms)
Completed 200 OK in 18ms (Views: 17.8ms | ActiveRecord: 0.0ms)


Started GET "/pages/home" for 127.0.0.1 at 2011-05-31 17:58:04 -0700
  Processing by PagesController#home as HTML
Rendered pages/home.html.erb within layouts/application (12.9ms)
Completed 200 OK in 34ms (Views: 33.6ms | ActiveRecord: 0.0ms)


Started GET "/pages/home" for 127.0.0.1 at 2011-05-31 17:59:47 -0700
  Processing by PagesController#home as HTML
Rendered pages/home.html.erb within layouts/application (15.1ms)
Completed 200 OK in 21ms (Views: 19.8ms | ActiveRecord: 0.0ms)


Started GET "/pages/home" for 127.0.0.1 at 2011-05-31 18:01:01 -0700
  Processing by PagesController#home as HTML
Rendered pages/home.html.erb within layouts/application (2.2ms)
Completed 200 OK in 10ms (Views: 10.0ms | ActiveRecord: 0.0ms)


Started GET "/pages/home" for 127.0.0.1 at 2011-05-31 18:02:01 -0700
  Processing by PagesController#home as HTML
Rendered pages/home.html.erb within layouts/application (14.6ms)
Completed 200 OK in 25ms (Views: 25.1ms | ActiveRecord: 0.0ms)


Started GET "/pages/home" for 127.0.0.1 at 2011-05-31 18:05:00 -0700
  Processing by PagesController#home as HTML
Rendered pages/home.html.erb within layouts/application (8.5ms)
Completed 200 OK in 14ms (Views: 13.1ms | ActiveRecord: 0.0ms)


Started GET "/pages/home" for 127.0.0.1 at 2011-05-31 18:09:05 -0700
  Processing by PagesController#home as HTML
Rendered pages/home.html.erb within layouts/application (14.0ms)
Completed 200 OK in 20ms (Views: 19.3ms | ActiveRecord: 0.0ms)


Started GET "/pages/home" for 127.0.0.1 at 2011-05-31 18:13:38 -0700
  Processing by PagesController#home as HTML
Rendered pages/home.html.erb within layouts/application (22.5ms)
Completed 200 OK in 32ms (Views: 31.3ms | ActiveRecord: 0.0ms)


Started GET "/images/logo.png" for 127.0.0.1 at 2011-05-31 18:13:38 -0700

ActionController::RoutingError (No route matches "/images/logo.png"):
  

Rendered /Users/Jordan/.rvm/gems/ruby-1.9.2-p180@rails3tutorial/gems/actionpack-3.0.1/lib/action_dispatch/middleware/templates/rescues/routing_error.erb within rescues/layout (1.2ms)


Started GET "/pages/home" for 127.0.0.1 at 2011-05-31 18:13:40 -0700
  Processing by PagesController#home as HTML
Rendered pages/home.html.erb within layouts/application (3.2ms)
Completed 200 OK in 27ms (Views: 26.0ms | ActiveRecord: 0.0ms)


Started GET "/images/logo.png" for 127.0.0.1 at 2011-05-31 18:13:40 -0700

ActionController::RoutingError (No route matches "/images/logo.png"):
  

Rendered /Users/Jordan/.rvm/gems/ruby-1.9.2-p180@rails3tutorial/gems/actionpack-3.0.1/lib/action_dispatch/middleware/templates/rescues/routing_error.erb within rescues/layout (1.2ms)


Started GET "/pages/home" for 127.0.0.1 at 2011-05-31 18:14:12 -0700
  Processing by PagesController#home as HTML
Rendered pages/home.html.erb within layouts/application (2.3ms)
Completed 200 OK in 17ms (Views: 17.1ms | ActiveRecord: 0.0ms)


Started GET "/images/logo.png" for 127.0.0.1 at 2011-05-31 18:14:12 -0700

ActionController::RoutingError (No route matches "/images/logo.png"):
  

Rendered /Users/Jordan/.rvm/gems/ruby-1.9.2-p180@rails3tutorial/gems/actionpack-3.0.1/lib/action_dispatch/middleware/templates/rescues/routing_error.erb within rescues/layout (1.2ms)


Started GET "/pages/home" for 127.0.0.1 at 2011-05-31 18:14:13 -0700
  Processing by PagesController#home as HTML
Rendered pages/home.html.erb within layouts/application (2.4ms)
Completed 200 OK in 17ms (Views: 6.9ms | ActiveRecord: 0.0ms)


Started GET "/images/logo.png" for 127.0.0.1 at 2011-05-31 18:14:13 -0700

ActionController::RoutingError (No route matches "/images/logo.png"):
  

Rendered /Users/Jordan/.rvm/gems/ruby-1.9.2-p180@rails3tutorial/gems/actionpack-3.0.1/lib/action_dispatch/middleware/templates/rescues/routing_error.erb within rescues/layout (1.2ms)


Started GET "/pages/home" for 127.0.0.1 at 2011-05-31 18:14:13 -0700
  Processing by PagesController#home as HTML
Rendered pages/home.html.erb within layouts/application (2.3ms)
Completed 200 OK in 19ms (Views: 18.1ms | ActiveRecord: 0.0ms)


Started GET "/images/logo.png" for 127.0.0.1 at 2011-05-31 18:14:14 -0700

ActionController::RoutingError (No route matches "/images/logo.png"):
  

Rendered /Users/Jordan/.rvm/gems/ruby-1.9.2-p180@rails3tutorial/gems/actionpack-3.0.1/lib/action_dispatch/middleware/templates/rescues/routing_error.erb within rescues/layout (1.2ms)


Started GET "/pages/home" for 127.0.0.1 at 2011-05-31 18:14:36 -0700
  Processing by PagesController#home as HTML
Rendered pages/home.html.erb within layouts/application (2.5ms)
Completed 200 OK in 64ms (Views: 63.5ms | ActiveRecord: 0.0ms)


Started GET "/pages/home" for 127.0.0.1 at 2011-05-31 18:15:59 -0700
  Processing by PagesController#home as HTML
Rendered pages/home.html.erb within layouts/application (2.3ms)
Completed 200 OK in 19ms (Views: 19.1ms | ActiveRecord: 0.0ms)


Started GET "/pages/home" for 127.0.0.1 at 2011-05-31 18:18:10 -0700
  Processing by PagesController#home as HTML
Rendered pages/home.html.erb within layouts/application (2.3ms)
Completed 200 OK in 18ms (Views: 18.0ms | ActiveRecord: 0.0ms)


Started GET "/pages/home" for 127.0.0.1 at 2011-05-31 18:18:11 -0700
  Processing by PagesController#home as HTML
Rendered pages/home.html.erb within layouts/application (2.3ms)
Completed 200 OK in 17ms (Views: 17.0ms | ActiveRecord: 0.0ms)


Started GET "/pages/home" for 127.0.0.1 at 2011-05-31 18:20:45 -0700
  Processing by PagesController#home as HTML
Rendered pages/home.html.erb within layouts/application (2.5ms)
Completed 200 OK in 18ms (Views: 17.2ms | ActiveRecord: 0.0ms)


Started GET "/pages/home" for 127.0.0.1 at 2011-05-31 18:22:37 -0700
  Processing by PagesController#home as HTML
Rendered layouts/_stylesheets.html.erb (2.4ms)
Rendered pages/home.html.erb within layouts/application (5.8ms)
Completed 200 OK in 23ms (Views: 11.2ms | ActiveRecord: 0.0ms)


Started GET "/pages/home" for 127.0.0.1 at 2011-05-31 18:23:43 -0700
  Processing by PagesController#home as HTML
Rendered layouts/_stylesheets.html.erb (1.2ms)
Rendered layouts/_header.html.erb (11.0ms)
Rendered pages/home.html.erb within layouts/application (16.5ms)
Completed 200 OK in 45ms (Views: 44.3ms | ActiveRecord: 0.0ms)


Started GET "/pages/home" for 127.0.0.1 at 2011-05-31 18:26:35 -0700
  Processing by PagesController#home as HTML
Rendered layouts/_stylesheets.html.erb (1.8ms)
Rendered layouts/_header.html.erb (11.5ms)
Rendered layouts/_footer.html.erb (0.6ms)
Rendered pages/home.html.erb within layouts/application (34.4ms)
Completed 200 OK in 40ms (Views: 39.5ms | ActiveRecord: 0.0ms)


Started GET "/pages/home" for 127.0.0.1 at 2011-05-31 18:27:56 -0700
  Processing by PagesController#home as HTML
Rendered layouts/_stylesheets.html.erb (4.8ms)
Rendered layouts/_header.html.erb (52.5ms)
Rendered layouts/_footer.html.erb (0.6ms)
Rendered pages/home.html.erb within layouts/application (62.9ms)
Completed 200 OK in 68ms (Views: 67.7ms | ActiveRecord: 0.0ms)


Started GET "/pages/home" for 127.0.0.1 at 2011-05-31 18:29:55 -0700
  Processing by PagesController#home as HTML
Rendered layouts/_stylesheets.html.erb (1.2ms)
Rendered layouts/_header.html.erb (0.7ms)
Rendered layouts/_footer.html.erb (0.5ms)
Rendered pages/home.html.erb within layouts/application (7.0ms)
Completed 200 OK in 33ms (Views: 33.1ms | ActiveRecord: 0.0ms)


Started GET "/pages/about" for 127.0.0.1 at 2011-05-31 18:29:56 -0700
  Processing by PagesController#about as HTML
Rendered layouts/_stylesheets.html.erb (1.3ms)
Rendered layouts/_header.html.erb (0.8ms)
Rendered layouts/_footer.html.erb (0.5ms)
Rendered pages/about.html.erb within layouts/application (17.1ms)
Completed 200 OK in 24ms (Views: 24.0ms | ActiveRecord: 0.0ms)


Started GET "/pages/home" for 127.0.0.1 at 2011-05-31 18:31:45 -0700
  Processing by PagesController#home as HTML
Rendered layouts/_stylesheets.html.erb (1.2ms)
Rendered layouts/_header.html.erb (0.7ms)
Rendered layouts/_footer.html.erb (0.5ms)
Rendered pages/home.html.erb within layouts/application (18.2ms)
Completed 200 OK in 24ms (Views: 23.6ms | ActiveRecord: 0.0ms)


Started GET "/pages/home" for 127.0.0.1 at 2011-05-31 23:14:23 -0700
  Processing by PagesController#home as HTML
Rendered layouts/_stylesheets.html.erb (12.2ms)
Rendered layouts/_header.html.erb (0.9ms)
Rendered layouts/_footer.html.erb (0.6ms)
Rendered pages/home.html.erb within layouts/application (20.4ms)
Completed 200 OK in 58ms (Views: 57.4ms | ActiveRecord: 0.0ms)


Started GET "/" for 127.0.0.1 at 2011-05-31 23:27:12 -0700
  Processing by PagesController#home as HTML
Rendered layouts/_stylesheets.html.erb (2.3ms)
Rendered layouts/_header.html.erb (1.0ms)
Rendered layouts/_footer.html.erb (0.7ms)
Rendered pages/home.html.erb within layouts/application (11.7ms)
Completed 200 OK in 28ms (Views: 27.1ms | ActiveRecord: 0.0ms)


Started GET "/" for 127.0.0.1 at 2011-05-31 23:34:28 -0700
  Processing by PagesController#home as HTML
Rendered layouts/_stylesheets.html.erb (1.9ms)
Rendered layouts/_header.html.erb (2.5ms)
Rendered layouts/_footer.html.erb (70.8ms)
Rendered pages/home.html.erb within layouts/application (80.5ms)
Completed 200 OK in 88ms (Views: 87.2ms | ActiveRecord: 0.0ms)


Started GET "/help" for 127.0.0.1 at 2011-05-31 23:34:31 -0700
  Processing by PagesController#help as HTML
Rendered layouts/_stylesheets.html.erb (5.1ms)
Rendered layouts/_header.html.erb (1.3ms)
Rendered layouts/_footer.html.erb (0.6ms)
Rendered pages/help.html.erb within layouts/application (11.9ms)
Completed 200 OK in 32ms (Views: 31.4ms | ActiveRecord: 0.0ms)


Started GET "/help" for 127.0.0.1 at 2011-05-31 23:34:39 -0700
  Processing by PagesController#help as HTML
Rendered layouts/_stylesheets.html.erb (1.3ms)
Rendered layouts/_header.html.erb (1.2ms)
Rendered layouts/_footer.html.erb (0.6ms)
Rendered pages/help.html.erb within layouts/application (7.5ms)
Completed 200 OK in 23ms (Views: 22.3ms | ActiveRecord: 0.0ms)


Started GET "/" for 127.0.0.1 at 2011-05-31 23:34:40 -0700
  Processing by PagesController#home as HTML
Rendered layouts/_stylesheets.html.erb (1.3ms)
Rendered layouts/_header.html.erb (13.0ms)
Rendered layouts/_footer.html.erb (1.0ms)
Rendered pages/home.html.erb within layouts/application (20.7ms)
Completed 200 OK in 38ms (Views: 37.2ms | ActiveRecord: 0.0ms)


Started GET "/help" for 127.0.0.1 at 2011-05-31 23:36:25 -0700
  Processing by PagesController#help as HTML
Rendered layouts/_stylesheets.html.erb (1.8ms)
Rendered layouts/_header.html.erb (1.3ms)
Rendered layouts/_footer.html.erb (1.0ms)
Rendered pages/help.html.erb within layouts/application (9.1ms)
Completed 200 OK in 24ms (Views: 23.8ms | ActiveRecord: 0.0ms)


Started GET "/about" for 127.0.0.1 at 2011-05-31 23:36:26 -0700
  Processing by PagesController#about as HTML
Rendered layouts/_stylesheets.html.erb (1.2ms)
Rendered layouts/_header.html.erb (2.1ms)
Rendered layouts/_footer.html.erb (0.9ms)
Rendered pages/about.html.erb within layouts/application (19.7ms)
Completed 200 OK in 37ms (Views: 36.6ms | ActiveRecord: 0.0ms)


Started GET "/contact" for 127.0.0.1 at 2011-05-31 23:36:28 -0700
  Processing by PagesController#contact as HTML
Rendered layouts/_stylesheets.html.erb (1.2ms)
Rendered layouts/_header.html.erb (1.2ms)
Rendered layouts/_footer.html.erb (1.1ms)
Rendered pages/contact.html.erb within layouts/application (19.7ms)
Completed 200 OK in 46ms (Views: 45.1ms | ActiveRecord: 0.0ms)
